<?xml version="1.0" encoding="UTF-8"?>
<!-- Generated by org.testng.reporters.JUnitReportReporter -->
<testsuite hostname="DESKTOP-03TKSHJ" failures="0" tests="1" name="scripting.Testcase1" time="52.977" errors="0" timestamp="2022-11-04T16:06:47 IST" skipped="0">
  <testcase classname="scripting.Testcase1" name="tcl" time="52.977"/>
  <system-out/>
</testsuite> <!-- scripting.Testcase1 -->
